Copyright 1986-2021 Xilinx, Inc. All Rights Reserved.
------------------------------------------------------------------------------------
| Tool Version : Vivado v.2021.1 (lin64) Build 3247384 Thu Jun 10 19:36:07 MDT 2021
| Date         : Tue Dec  5 18:19:09 2023
| Host         : the-cow running 64-bit Ubuntu 22.04.3 LTS
| Command      : upgrade_ip
| Device       : xc7vx485tffg1761-2
------------------------------------------------------------------------------------

Upgrade Log for IP 'design_1_pci_mig_accelerator_0_0'

1. Summary
----------

SUCCESS in the upgrade of design_1_pci_mig_accelerator_0_0 (user.org:user:pci_mig_accelerator_v1_0:1.0) from (Rev. 2) to (Rev. 3)






Copyright 1986-2021 Xilinx, Inc. All Rights Reserved.
------------------------------------------------------------------------------------
| Tool Version : Vivado v.2021.1 (lin64) Build 3247384 Thu Jun 10 19:36:07 MDT 2021
| Date         : Tue Dec  5 15:58:42 2023
| Host         : the-cow running 64-bit Ubuntu 22.04.3 LTS
| Command      : upgrade_ip
| Device       : xc7vx485tffg1761-2
------------------------------------------------------------------------------------

Upgrade Log for IP 'design_1_pci_mig_accelerator_0_0'

1. Summary
----------

SUCCESS in the upgrade of design_1_pci_mig_accelerator_0_0 (user.org:user:pci_mig_accelerator_v1_0:1.0) from (Rev. 1) to (Rev. 2)

